<?xml version="1.0" encoding="UTF-8"?>
<!-- Generated by org.testng.reporters.JUnitReportReporter -->
<testsuite skipped="0" hostname="INW-549" name="DucatTraining.MavenProject.APITest" tests="2" failures="0" timestamp="2021-12-10T12:12:42 IST" time="0.009" errors="0">
  <testcase name="APItest1" time="0.008" classname="DucatTraining.MavenProject.APITest"/>
  <system-out/>
  <testcase name="APItest2" time="0.001" classname="DucatTraining.MavenProject.APITest"/>
  <system-out/>
</testsuite> <!-- DucatTraining.MavenProject.APITest -->
