<?xml version="1.0" encoding="UTF-8"?>
<!-- Generated by org.testng.reporters.JUnitReportReporter -->
<testsuite skipped="0" hostname="INW-549" name="DucatTraining.MavenProject.MobileTest" tests="2" failures="0" timestamp="2021-12-10T12:12:42 IST" time="0.001" errors="0">
  <testcase name="mobiletest1" time="0.001" classname="DucatTraining.MavenProject.MobileTest"/>
  <system-out/>
  <testcase name="mobiletest2" time="0.000" classname="DucatTraining.MavenProject.MobileTest"/>
  <system-out/>
</testsuite> <!-- DucatTraining.MavenProject.MobileTest -->
