<?xml version="1.0" encoding="UTF-8"?>
<!-- Generated by org.testng.reporters.JUnitReportReporter -->
<testsuite skipped="0" hostname="INW-549" name="DucatTraining.MavenProject.DatabaseTest" tests="2" failures="0" timestamp="2021-12-10T12:12:42 IST" time="0.000" errors="0">
  <testcase name="Databasetest2" time="0.000" classname="DucatTraining.MavenProject.DatabaseTest"/>
  <system-out/>
  <testcase name="Databasetest1" time="0.000" classname="DucatTraining.MavenProject.DatabaseTest"/>
  <system-out/>
</testsuite> <!-- DucatTraining.MavenProject.DatabaseTest -->
